---------------------------------------------------------------------------------------
      name:  <unnamed>
       log:  C:\Users\czymara.local\PowerFolders\projects\SVR-Jahresgutachten 2021\resu
> lts_Wohlfarth.log
  log type:  text
 opened on:  31 Aug 2020, 14:27:57

. 
. /* Jeweils fuer alle Variablen:
> Erste Tabelle = Personen ohne Migrationshintergrund
> Zweite Tabelle = Migranten erster Generation
> Dritte Tablle = Migranten zweiter Generation */
. 
. foreach var of varlist contplt wrkprty wrkorg sgnptit pbldmn {
  2.         tab essround `var' [aweight=pspwght] if mig2 == 0, row
  3.         tab essround `var' [aweight=pspwght] if mig2 == 1, row
  4.         tab essround `var' [aweight=pspwght] if mig2 == 2, row
  5.         }

+----------------+
| Key            |
|----------------|
|   frequency    |
| row percentage |
+----------------+

           | Contacted politician
           |     or government
           |   official last 12
           |        months
 ESS round |       Yes         No |     Total
-----------+----------------------+----------
         1 | 304.04245  2,161.615 | 2,465.658 
           |     12.33      87.67 |    100.00 
-----------+----------------------+----------
         2 | 261.12471  2,079.635 |  2,340.76 
           |     11.16      88.84 |    100.00 
-----------+----------------------+----------
         3 | 287.21326  2,094.727 |  2,381.94 
           |     12.06      87.94 |    100.00 
-----------+----------------------+----------
         4 |  350.3621   1,852.89 | 2,203.252 
           |     15.90      84.10 |    100.00 
-----------+----------------------+----------
         5 |  378.3631  1,991.022 | 2,369.386 
           |     15.97      84.03 |    100.00 
-----------+----------------------+----------
         6 | 368.15337  1,927.252 | 2,295.405 
           |     16.04      83.96 |    100.00 
-----------+----------------------+----------
         7 | 398.89484  1,943.729 | 2,342.624 
           |     17.03      82.97 |    100.00 
-----------+----------------------+----------
         8 | 357.28963  1,759.182 | 2,116.472 
           |     16.88      83.12 |    100.00 
-----------+----------------------+----------
         9 | 320.22989  1,425.274 | 1,745.504 
           |     18.35      81.65 |    100.00 
-----------+----------------------+----------
     Total | 3,025.673  17,235.33 |    20,261 
           |     14.93      85.07 |    100.00 

+----------------+
| Key            |
|----------------|
|   frequency    |
| row percentage |
+----------------+

           | Contacted politician
           |     or government
           |   official last 12
           |        months
 ESS round |       Yes         No |     Total
-----------+----------------------+----------
         1 |  11.97797  215.26939 | 227.24736 
           |      5.27      94.73 |    100.00 
-----------+----------------------+----------
         2 | 7.0565025  231.01965 | 238.07615 
           |      2.96      97.04 |    100.00 
-----------+----------------------+----------
         3 |12.0455689  224.37613 |  236.4217 
           |      5.09      94.91 |    100.00 
-----------+----------------------+----------
         4 | 16.879355  209.27409 | 226.15344 
           |      7.46      92.54 |    100.00 
-----------+----------------------+----------
         5 | 21.830725  248.04806 | 269.87879 
           |      8.09      91.91 |    100.00 
-----------+----------------------+----------
         6 | 19.846133  267.09141 | 286.93754 
           |      6.92      93.08 |    100.00 
-----------+----------------------+----------
         7 | 26.515577  256.74836 | 283.26394 
           |      9.36      90.64 |    100.00 
-----------+----------------------+----------
         8 | 29.803227  255.82999 | 285.63322 
           |     10.43      89.57 |    100.00 
-----------+----------------------+----------
         9 | 27.825864  255.56199 | 283.38786 
           |      9.82      90.18 |    100.00 
-----------+----------------------+----------
     Total | 173.78092  2,163.219 |     2,337 
           |      7.44      92.56 |    100.00 

+----------------+
| Key            |
|----------------|
|   frequency    |
| row percentage |
+----------------+

           | Contacted politician
           |     or government
           |   official last 12
           |        months
 ESS round |       Yes         No |     Total
-----------+----------------------+----------
         1 | 26.126947 159.109126 | 185.23607 
           |     14.10      85.90 |    100.00 
-----------+----------------------+----------
         2 | 17.290702  133.37446 | 150.66517 
           |     11.48      88.52 |    100.00 
-----------+----------------------+----------
         3 | 28.411798   149.4447 |  177.8565 
           |     15.97      84.03 |    100.00 
-----------+----------------------+----------
         4 | 31.443399   188.3081 |  219.7515 
           |     14.31      85.69 |    100.00 
-----------+----------------------+----------
         5 | 33.360925  214.68437 | 248.04529 
           |     13.45      86.55 |    100.00 
-----------+----------------------+----------
         6 |  38.55074  211.64016 |  250.1909 
           |     15.41      84.59 |    100.00 
-----------+----------------------+----------
         7 | 41.510317  215.28091 | 256.79123 
           |     16.17      83.83 |    100.00 
-----------+----------------------+----------
         8 | 38.088459  243.43414 |  281.5226 
           |     13.53      86.47 |    100.00 
-----------+----------------------+----------
         9 |38.2285441   157.7122 | 195.94074 
           |     19.51      80.49 |    100.00 
-----------+----------------------+----------
     Total | 293.01183  1,672.988 |     1,966 
           |     14.90      85.10 |    100.00 

+----------------+
| Key            |
|----------------|
|   frequency    |
| row percentage |
+----------------+

           |  Worked in political
           | party or action group
           |    last 12 months
 ESS round |       Yes         No |     Total
-----------+----------------------+----------
         1 | 88.299463  2,377.137 | 2,465.436 
           |      3.58      96.42 |    100.00 
-----------+----------------------+----------
         2 | 73.168665  2,268.564 | 2,341.733 
           |      3.12      96.88 |    100.00 
-----------+----------------------+----------
         3 | 90.811079  2,292.537 | 2,383.348 
           |      3.81      96.19 |    100.00 
-----------+----------------------+----------
         4 | 80.101782  2,122.953 | 2,203.054 
           |      3.64      96.36 |    100.00 
-----------+----------------------+----------
         5 |99.8096582  2,273.264 | 2,373.073 
           |      4.21      95.79 |    100.00 
-----------+----------------------+----------
         6 |115.403351  2,182.402 | 2,297.805 
           |      5.02      94.98 |    100.00 
-----------+----------------------+----------
         7 | 105.46101  2,238.448 |2,343.9093 
           |      4.50      95.50 |    100.00 
-----------+----------------------+----------
         8 | 92.993791  2,023.936 | 2,116.929 
           |      4.39      95.61 |    100.00 
-----------+----------------------+----------
         9 |  81.06281  1,668.648 | 1,749.711 
           |      4.63      95.37 |    100.00 
-----------+----------------------+----------
     Total | 827.11161  19,447.89 |    20,275 
           |      4.08      95.92 |    100.00 

+----------------+
| Key            |
|----------------|
|   frequency    |
| row percentage |
+----------------+

           |  Worked in political
           | party or action group
           |    last 12 months
 ESS round |       Yes         No |     Total
-----------+----------------------+----------
         1 | 1.4055678  225.95012 | 227.35568 
           |      0.62      99.38 |    100.00 
-----------+----------------------+----------
         2 | 3.7132949 234.476333 | 238.18963 
           |      1.56      98.44 |    100.00 
-----------+----------------------+----------
         3 | 6.6207796  231.65343 | 238.27421 
           |      2.78      97.22 |    100.00 
-----------+----------------------+----------
         4 | 3.6778604  223.50845 | 227.18631 
           |      1.62      98.38 |    100.00 
-----------+----------------------+----------
         5 | 5.7159088  265.04965 | 270.76556 
           |      2.11      97.89 |    100.00 
-----------+----------------------+----------
         6 |6.00377546  281.07054 |287.074313 
           |      2.09      97.91 |    100.00 
-----------+----------------------+----------
         7 |5.55957077  278.30243 |283.861996 
           |      1.96      98.04 |    100.00 
-----------+----------------------+----------
         8 | 7.6088563  278.16051 | 285.76937 
           |      2.66      97.34 |    100.00 
-----------+----------------------+----------
         9 | 2.7070034  280.81593 | 283.52294 
           |      0.95      99.05 |    100.00 
-----------+----------------------+----------
     Total | 43.012617  2,298.987 |     2,342 
           |      1.84      98.16 |    100.00 

+----------------+
| Key            |
|----------------|
|   frequency    |
| row percentage |
+----------------+

           |  Worked in political
           | party or action group
           |    last 12 months
 ESS round |       Yes         No |     Total
-----------+----------------------+----------
         1 |  6.851237  178.44313 | 185.29437 
           |      3.70      96.30 |    100.00 
-----------+----------------------+----------
         2 | 7.5208481  143.19173 | 150.71258 
           |      4.99      95.01 |    100.00 
-----------+----------------------+----------
         3 |  8.028468    169.884 |177.912472 
           |      4.51      95.49 |    100.00 
-----------+----------------------+----------
         4 | 8.2430291  211.57763 | 219.82066 
           |      3.75      96.25 |    100.00 
-----------+----------------------+----------
         5 | 4.2551275  243.86823 | 248.12336 
           |      1.71      98.29 |    100.00 
-----------+----------------------+----------
         6 | 13.945838  236.32379 | 250.26963 
           |      5.57      94.43 |    100.00 
-----------+----------------------+----------
         7 | 7.8382834  249.41505 | 257.25333 
           |      3.05      96.95 |    100.00 
-----------+----------------------+----------
         8 | 14.748118  266.86308 |281.611195 
           |      5.24      94.76 |    100.00 
-----------+----------------------+----------
         9 | 8.4212373  187.58117 | 196.00241 
           |      4.30      95.70 |    100.00 
-----------+----------------------+----------
     Total |79.8521861  1,887.148 |     1,967 
           |      4.06      95.94 |    100.00 

+----------------+
| Key            |
|----------------|
|   frequency    |
| row percentage |
+----------------+

           |   Worked in another
           |    organisation or
           |  association last 12
           |        months
 ESS round |       Yes         No |     Total
-----------+----------------------+----------
         1 |  448.0963 2,017.2155 |2,465.3118 
           |     18.18      81.82 |    100.00 
-----------+----------------------+----------
         2 |472.781743  1,868.427 | 2,341.208 
           |     20.19      79.81 |    100.00 
-----------+----------------------+----------
         3 | 478.29941  1,904.929 | 2,383.228 
           |     20.07      79.93 |    100.00 
-----------+----------------------+----------
         4 | 555.31384  1,647.277 |  2,202.59 
           |     25.21      74.79 |    100.00 
-----------+----------------------+----------
         5 | 622.61168  1,751.747 | 2,374.359 
           |     26.22      73.78 |    100.00 
-----------+----------------------+----------
         6 | 734.50183  1,563.564 | 2,298.066 
           |     31.96      68.04 |    100.00 
-----------+----------------------+----------
         7 | 667.14122   1,676.65 | 2,343.791 
           |     28.46      71.54 |    100.00 
-----------+----------------------+----------
         8 | 656.69997  1,460.123 | 2,116.823 
           |     31.02      68.98 |    100.00 
-----------+----------------------+----------
         9 | 549.94388  1,199.679 | 1,749.623 
           |     31.43      68.57 |    100.00 
-----------+----------------------+----------
     Total |  5,185.39  15,089.61 |    20,275 
           |     25.58      74.42 |    100.00 

+----------------+
| Key            |
|----------------|
|   frequency    |
| row percentage |
+----------------+

           |   Worked in another
           |    organisation or
           |  association last 12
           |        months
 ESS round |       Yes         No |     Total
-----------+----------------------+----------
         1 | 11.998836  215.31303 |227.311862 
           |      5.28      94.72 |    100.00 
-----------+----------------------+----------
         2 | 19.444605  218.69911 | 238.14372 
           |      8.17      91.83 |    100.00 
-----------+----------------------+----------
         3 | 27.206764  213.08305 | 240.28982 
           |     11.32      88.68 |    100.00 
-----------+----------------------+----------
         4 | 26.438899  199.77873 | 226.21763 
           |     11.69      88.31 |    100.00 
-----------+----------------------+----------
         5 | 32.039117  238.67425 | 270.71337 
           |     11.84      88.16 |    100.00 
-----------+----------------------+----------
         6 | 62.495669  223.83808 | 286.33375 
           |     21.83      78.17 |    100.00 
-----------+----------------------+----------
         7 | 55.453076 228.354208 | 283.80728 
           |     19.54      80.46 |    100.00 
-----------+----------------------+----------
         8 | 53.906949 231.807336 | 285.71429 
           |     18.87      81.13 |    100.00 
-----------+----------------------+----------
         9 | 34.469507  248.99878 |283.468289 
           |     12.16      87.84 |    100.00 
-----------+----------------------+----------
     Total | 323.45342  2,018.547 |     2,342 
           |     13.81      86.19 |    100.00 

+----------------+
| Key            |
|----------------|
|   frequency    |
| row percentage |
+----------------+

           |   Worked in another
           |    organisation or
           |  association last 12
           |        months
 ESS round |       Yes         No |     Total
-----------+----------------------+----------
         1 | 30.875144  154.41922 | 185.29437 
           |     16.66      83.34 |    100.00 
-----------+----------------------+----------
         2 | 34.238893  116.47369 | 150.71258 
           |     22.72      77.28 |    100.00 
-----------+----------------------+----------
         3 | 37.517747  140.39473 |177.912472 
           |     21.09      78.91 |    100.00 
-----------+----------------------+----------
         4 | 60.782735  159.03792 | 219.82066 
           |     27.65      72.35 |    100.00 
-----------+----------------------+----------
         5 | 58.908089  189.21527 | 248.12336 
           |     23.74      76.26 |    100.00 
-----------+----------------------+----------
         6 | 76.925189  173.34444 | 250.26963 
           |     30.74      69.26 |    100.00 
-----------+----------------------+----------
         7 | 78.924209  178.32912 | 257.25333 
           |     30.68      69.32 |    100.00 
-----------+----------------------+----------
         8 | 79.562512  202.04868 |281.611195 
           |     28.25      71.75 |    100.00 
-----------+----------------------+----------
         9 | 55.022658 140.979748 | 196.00241 
           |     28.07      71.93 |    100.00 
-----------+----------------------+----------
     Total | 512.75718  1,454.243 |     1,967 
           |     26.07      73.93 |    100.00 

+----------------+
| Key            |
|----------------|
|   frequency    |
| row percentage |
+----------------+

           | Signed petition last
           |       12 months
 ESS round |       Yes         No |     Total
-----------+----------------------+----------
         1 | 720.16587  1,736.958 | 2,457.124 
           |     29.31      70.69 |    100.00 
-----------+----------------------+----------
         2 | 751.45004  1,585.806 | 2,337.256 
           |     32.15      67.85 |    100.00 
-----------+----------------------+----------
         3 |  654.6656    1,723.5 | 2,378.165 
           |     27.53      72.47 |    100.00 
-----------+----------------------+----------
         4 |  656.2627  1,539.553 | 2,195.816 
           |     29.89      70.11 |    100.00 
-----------+----------------------+----------
         5 | 752.12626 1,615.0491 | 2,367.175 
           |     31.77      68.23 |    100.00 
-----------+----------------------+----------
         6 | 822.52846  1,467.118 | 2,289.647 
           |     35.92      64.08 |    100.00 
-----------+----------------------+----------
         7 | 822.86057  1,519.912 | 2,342.772 
           |     35.12      64.88 |    100.00 
-----------+----------------------+----------
         8 |  820.4843  1,291.606 |  2,112.09 
           |     38.85      61.15 |    100.00 
-----------+----------------------+----------
         9 | 672.14257  1,075.811 | 1,747.954 
           |     38.45      61.55 |    100.00 
-----------+----------------------+----------
     Total | 6,672.686  13,555.31 |    20,228 
           |     32.99      67.01 |    100.00 

+----------------+
| Key            |
|----------------|
|   frequency    |
| row percentage |
+----------------+

           | Signed petition last
           |       12 months
 ESS round |       Yes         No |     Total
-----------+----------------------+----------
         1 |  26.48786  200.75359 | 227.24145 
           |     11.66      88.34 |    100.00 
-----------+----------------------+----------
         2 | 38.656469  199.41348 |238.069947 
           |     16.24      83.76 |    100.00 
-----------+----------------------+----------
         3 | 36.738041   202.4684 | 239.20644 
           |     15.36      84.64 |    100.00 
-----------+----------------------+----------
         4 | 37.307103  188.77623 | 226.08333 
           |     16.50      83.50 |    100.00 
-----------+----------------------+----------
         5 | 49.703905  219.59367 | 269.29758 
           |     18.46      81.54 |    100.00 
-----------+----------------------+----------
         6 | 56.508324  228.86731 | 285.37564 
           |     19.80      80.20 |    100.00 
-----------+----------------------+----------
         7 | 71.783932  211.93543 | 283.71937 
           |     25.30      74.70 |    100.00 
-----------+----------------------+----------
         8 | 60.919862  224.70592 | 285.62578 
           |     21.33      78.67 |    100.00 
-----------+----------------------+----------
         9 | 64.685763 218.694714 | 283.38048 
           |     22.83      77.17 |    100.00 
-----------+----------------------+----------
     Total | 442.79126  1,895.209 |     2,338 
           |     18.94      81.06 |    100.00 

+----------------+
| Key            |
|----------------|
|   frequency    |
| row percentage |
+----------------+

           | Signed petition last
           |       12 months
 ESS round |       Yes         No |     Total
-----------+----------------------+----------
         1 | 72.460818  112.73172 | 185.19254 
           |     39.13      60.87 |    100.00 
-----------+----------------------+----------
         2 | 54.280297  96.349456 | 150.62975 
           |     36.04      63.96 |    100.00 
-----------+----------------------+----------
         3 | 55.719437  122.09526 |  177.8147 
           |     31.34      68.66 |    100.00 
-----------+----------------------+----------
         4 | 82.200334  137.49952 | 219.69985 
           |     37.41      62.59 |    100.00 
-----------+----------------------+----------
         5 | 72.833946  175.15305 | 247.98699 
           |     29.37      70.63 |    100.00 
-----------+----------------------+----------
         6 | 77.827712 171.892946 | 249.72066 
           |     31.17      68.83 |    100.00 
-----------+----------------------+----------
         7 |108.388927 146.729947 |255.118874 
           |     42.49      57.51 |    100.00 
-----------+----------------------+----------
         8 | 102.43258  177.75716 | 280.18974 
           |     36.56      63.44 |    100.00 
-----------+----------------------+----------
         9 | 76.022853  118.62405 |  194.6469 
           |     39.06      60.94 |    100.00 
-----------+----------------------+----------
     Total |  702.1669 1,258.8331 |     1,961 
           |     35.81      64.19 |    100.00 

+----------------+
| Key            |
|----------------|
|   frequency    |
| row percentage |
+----------------+

           | Taken part in lawful
           | public demonstration
           |    last 12 months
 ESS round |       Yes         No |     Total
-----------+----------------------+----------
         1 | 234.25177  2,231.072 | 2,465.324 
           |      9.50      90.50 |    100.00 
-----------+----------------------+----------
         2 | 191.37529  2,149.386 | 2,340.761 
           |      8.18      91.82 |    100.00 
-----------+----------------------+----------
         3 | 157.36283  2,224.106 | 2,381.468 
           |      6.61      93.39 |    100.00 
-----------+----------------------+----------
         4 | 175.30258  2,026.534 |2,201.8366 
           |      7.96      92.04 |    100.00 
-----------+----------------------+----------
         5 | 195.13152  2,179.424 | 2,374.555 
           |      8.22      91.78 |    100.00 
-----------+----------------------+----------
         6 | 195.62536  2,102.452 | 2,298.077 
           |      8.51      91.49 |    100.00 
-----------+----------------------+----------
         7 | 195.05718  2,148.456 | 2,343.513 
           |      8.32      91.68 |    100.00 
-----------+----------------------+----------
         8 | 200.06497  1,916.768 | 2,116.833 
           |      9.45      90.55 |    100.00 
-----------+----------------------+----------
         9 | 151.83952  1,597.792 |1,749.6312 
           |      8.68      91.32 |    100.00 
-----------+----------------------+----------
     Total | 1,696.011 18,575.989 |    20,272 
           |      8.37      91.63 |    100.00 

+----------------+
| Key            |
|----------------|
|   frequency    |
| row percentage |
+----------------+

           | Taken part in lawful
           | public demonstration
           |    last 12 months
 ESS round |       Yes         No |     Total
-----------+----------------------+----------
         1 | 21.325306  206.02333 |227.348638 
           |      9.38      90.62 |    100.00 
-----------+----------------------+----------
         2 | 6.2645657  231.91768 | 238.18225 
           |      2.63      97.37 |    100.00 
-----------+----------------------+----------
         3 | 18.172432  222.15626 |240.328692 
           |      7.56      92.44 |    100.00 
-----------+----------------------+----------
         4 |11.1464024  215.04357 | 226.18998 
           |      4.93      95.07 |    100.00 
-----------+----------------------+----------
         5 | 15.109069   255.6481 | 270.75717 
           |      5.58      94.42 |    100.00 
-----------+----------------------+----------
         6 | 16.380999  270.68442 | 287.06542 
           |      5.71      94.29 |    100.00 
-----------+----------------------+----------
         7 | 38.414533  245.43867 |  283.8532 
           |     13.53      86.47 |    100.00 
-----------+----------------------+----------
         8 |  34.98421   250.7763 | 285.76051 
           |     12.24      87.76 |    100.00 
-----------+----------------------+----------
         9 |  21.17499  262.33916 | 283.51415 
           |      7.47      92.53 |    100.00 
-----------+----------------------+----------
     Total | 182.97251  2,160.027 |     2,343 
           |      7.81      92.19 |    100.00 

+----------------+
| Key            |
|----------------|
|   frequency    |
| row percentage |
+----------------+

           | Taken part in lawful
           | public demonstration
           |    last 12 months
 ESS round |       Yes         No |     Total
-----------+----------------------+----------
         1 | 18.119509  167.07266 | 185.19217 
           |      9.78      90.22 |    100.00 
-----------+----------------------+----------
         2 |16.4817734  134.14768 | 150.62946 
           |     10.94      89.06 |    100.00 
-----------+----------------------+----------
         3 |15.5906755   161.9235 | 177.51417 
           |      8.78      91.22 |    100.00 
-----------+----------------------+----------
         4 | 24.359693  195.33973 | 219.69942 
           |     11.09      88.91 |    100.00 
-----------+----------------------+----------
         5 | 24.675388  223.31112 | 247.98651 
           |      9.95      90.05 |    100.00 
-----------+----------------------+----------
         6 | 30.121363  220.01024 |  250.1316 
           |     12.04      87.96 |    100.00 
-----------+----------------------+----------
         7 | 28.659958  228.45149 | 257.11144 
           |     11.15      88.85 |    100.00 
-----------+----------------------+----------
         8 | 39.445152  242.01072 |281.455876 
           |     14.01      85.99 |    100.00 
-----------+----------------------+----------
         9 | 21.475782  173.80357 |195.279353 
           |     11.00      89.00 |    100.00 
-----------+----------------------+----------
     Total | 218.92929  1,746.071 |     1,965 
           |     11.14      88.86 |    100.00 

. 
. keep if ctzcntr == 1
(1,140 observations deleted)

. tab essround vote [aweight=pspwght] if mig2 == 0, row

+----------------+
| Key            |
|----------------|
|   frequency    |
| row percentage |
+----------------+

           |   Voted last national election
 ESS round |       Yes         No  Not eligi |     Total
-----------+---------------------------------+----------
         1 | 2,050.047  360.40001  44.431193 | 2,454.879 
           |     83.51      14.68       1.81 |    100.00 
-----------+---------------------------------+----------
         2 | 1,862.618 397.730635  73.794613 | 2,334.143 
           |     79.80      17.04       3.16 |    100.00 
-----------+---------------------------------+----------
         3 | 1,822.573  479.77715  61.548478 |2,363.8987 
           |     77.10      20.30       2.60 |    100.00 
-----------+---------------------------------+----------
         4 |1,735.7597  345.55688  115.36742 | 2,196.684 
           |     79.02      15.73       5.25 |    100.00 
-----------+---------------------------------+----------
         5 |  1,962.49  359.53951  46.717601 | 2,368.747 
           |     82.85      15.18       1.97 |    100.00 
-----------+---------------------------------+----------
         6 | 1,852.003  339.18428  99.303882 | 2,290.491 
           |     80.86      14.81       4.34 |    100.00 
-----------+---------------------------------+----------
         7 | 1,932.889  370.53554  35.615396 |  2,339.04 
           |     82.64      15.84       1.52 |    100.00 
-----------+---------------------------------+----------
         8 | 1,759.905  264.92301 85.7379971 | 2,110.566 
           |     83.39      12.55       4.06 |    100.00 
-----------+---------------------------------+----------
         9 | 1,543.652  183.50445  23.394747 | 1,750.551 
           |     88.18      10.48       1.34 |    100.00 
-----------+---------------------------------+----------
     Total | 16,521.94  3,101.151  585.91133 |    20,209 
           |     81.76      15.35       2.90 |    100.00 

. tab essround vote [aweight=pspwght] if mig2 == 1, row

+----------------+
| Key            |
|----------------|
|   frequency    |
| row percentage |
+----------------+

           |   Voted last national election
 ESS round |       Yes         No  Not eligi |     Total
-----------+---------------------------------+----------
         1 | 68.081375  48.186632    5.72671 | 121.99472 
           |     55.81      39.50       4.69 |    100.00 
-----------+---------------------------------+----------
         2 | 72.555079   45.32526  11.974616 | 129.85496 
           |     55.87      34.90       9.22 |    100.00 
-----------+---------------------------------+----------
         3 | 107.80657  40.782451  7.5185414 | 156.10756 
           |     69.06      26.12       4.82 |    100.00 
-----------+---------------------------------+----------
         4 | 94.023306   31.70695  15.330859 | 141.06112 
           |     66.65      22.48      10.87 |    100.00 
-----------+---------------------------------+----------
         5 | 109.72716  48.398951  3.1688313 | 161.29495 
           |     68.03      30.01       1.96 |    100.00 
-----------+---------------------------------+----------
         6 | 139.59434  47.497377  10.518873 | 197.61059 
           |     70.64      24.04       5.32 |    100.00 
-----------+---------------------------------+----------
         7 | 113.07119   48.77316  1.9059841 | 163.75033 
           |     69.05      29.79       1.16 |    100.00 
-----------+---------------------------------+----------
         8 |108.769984  34.276316   6.718854 | 149.76515 
           |     72.63      22.89       4.49 |    100.00 
-----------+---------------------------------+----------
         9 |96.3343048   40.55065  4.6756705 | 141.56063 
           |     68.05      28.65       3.30 |    100.00 
-----------+---------------------------------+----------
     Total | 909.96331  385.49775   67.53894 |     1,363 
           |     66.76      28.28       4.96 |    100.00 

. tab essround vote [aweight=pspwght] if mig2 == 2, row

+----------------+
| Key            |
|----------------|
|   frequency    |
| row percentage |
+----------------+

           |   Voted last national election
 ESS round |       Yes         No  Not eligi |     Total
-----------+---------------------------------+----------
         1 | 136.58176  16.707544  5.8767512 | 159.16605 
           |     85.81      10.50       3.69 |    100.00 
-----------+---------------------------------+----------
         2 | 92.849653  40.101234  7.1414265 | 140.09231 
           |     66.28      28.62       5.10 |    100.00 
-----------+---------------------------------+----------
         3 | 120.97647  30.610902  6.2835059 | 157.87088 
           |     76.63      19.39       3.98 |    100.00 
-----------+---------------------------------+----------
         4 | 164.59504  35.826777  6.9485118 | 207.37033 
           |     79.37      17.28       3.35 |    100.00 
-----------+---------------------------------+----------
         5 | 165.37427  51.259496  10.492966 | 227.12673 
           |     72.81      22.57       4.62 |    100.00 
-----------+---------------------------------+----------
         6 | 157.92481  60.359022  15.045995 | 233.32982 
           |     67.68      25.87       6.45 |    100.00 
-----------+---------------------------------+----------
         7 |196.581139  44.907752  4.5898365 | 246.07873 
           |     79.89      18.25       1.87 |    100.00 
-----------+---------------------------------+----------
         8 | 201.65512  47.000272 14.9820817 | 263.63748 
           |     76.49      17.83       5.68 |    100.00 
-----------+---------------------------------+----------
         9 | 130.86027  38.359872  13.107528 | 182.32767 
           |     71.77      21.04       7.19 |    100.00 
-----------+---------------------------------+----------
     Total | 1,367.399  365.13287  84.468603 |     1,817 
           |     75.26      20.10       4.65 |    100.00 

. 
. log close
      name:  <unnamed>
       log:  C:\Users\czymara.local\PowerFolders\projects\SVR-Jahresgutachten 2021\resu
> lts_Wohlfarth.log
  log type:  text
 closed on:  31 Aug 2020, 14:27:57
---------------------------------------------------------------------------------------
